<?xml version="1.0" encoding="UTF-8"?>
<!-- Generated by org.testng.reporters.JUnitXMLReporter -->
<testsuite hostname="cl1" name="Test" tests="6" failures="1" timestamp="13 Aug 2018 12:54:32 GMT" time="0.116" errors="0">
  <testcase name="m1" time="0.009" classname="testNGpackage.BaseClass"/>
  <testcase name="m2" time="0.003" classname="testNGpackage.BaseClass"/>
  <testcase name="m1" time="0.001" classname="testNGpackage.BaseClass2"/>
  <testcase name="m2" time="0.003" classname="testNGpackage.BaseClass2"/>
  <testcase name="m1" time="0.001" classname="testNGpackage.Methods"/>
  <testcase name="m2" time="0.012" classname="testNGpackage.Methods">
    <failure type="java.lang.AssertionError" message="expected [false] but found [true]">
      <![CDATA[java.lang.AssertionError: expected [false] but found [true]
	at testNGpackage.Methods.m2(Methods.java:24)
... Removed 29 stack frames]]>
    </failure>
  </testcase> <!-- m2 -->
</testsuite> <!-- Test -->
