<?xml version="1.0" encoding="UTF-8"?>
<testng-results skipped="0" failed="0" total="1" passed="1">
  <reporter-output>
  </reporter-output>
  <suite name="Default suite" duration-ms="50" started-at="2018-08-14T13:02:09Z" finished-at="2018-08-14T13:02:09Z">
    <groups>
    </groups>
    <test name="Default test" duration-ms="50" started-at="2018-08-14T13:02:09Z" finished-at="2018-08-14T13:02:09Z">
      <class name="SeleniumWebDriver.Class1">
        <test-method status="PASS" signature="launchbrowser()[pri:0, instance:SeleniumWebDriver.Class1@1810399e]" name="launchbrowser" is-config="true" duration-ms="9" started-at="2018-08-14T18:32:09Z" finished-at="2018-08-14T18:32:09Z">
          <reporter-output>
          </reporter-output>
        </test-method> <!-- launchbrowser -->
        <test-method status="PASS" signature="facebook()[pri:0, instance:SeleniumWebDriver.Class1@1810399e]" name="facebook" duration-ms="11" started-at="2018-08-14T18:32:09Z" finished-at="2018-08-14T18:32:09Z">
          <reporter-output>
          </reporter-output>
        </test-method> <!-- facebook -->
        <test-method status="PASS" signature="close()[pri:0, instance:SeleniumWebDriver.Class1@1810399e]" name="close" is-config="true" duration-ms="0" started-at="2018-08-14T18:32:09Z" finished-at="2018-08-14T18:32:09Z">
          <reporter-output>
          </reporter-output>
        </test-method> <!-- close -->
      </class> <!-- SeleniumWebDriver.Class1 -->
    </test> <!-- Default test -->
  </suite> <!-- Default suite -->
</testng-results>
