<?xml version="1.0" encoding="UTF-8"?>
<!-- Generated by org.testng.reporters.JUnitReportReporter -->
<testsuite hostname="cl1" name="testNGpackage.TestNGInvicationCount" tests="4" failures="0" timestamp="14 Aug 2018 12:56:20 GMT" time="0.024" errors="0">
  <testcase name="TC01" time="0.019" classname="testNGpackage.TestNGInvicationCount"/>
  <testcase name="TC02" time="0.002" classname="testNGpackage.TestNGInvicationCount"/>
  <testcase name="m1" time="0.002" classname="testNGpackage.TestNGInvicationCount"/>
  <testcase name="TC03" time="0.001" classname="testNGpackage.TestNGInvicationCount"/>
</testsuite> <!-- testNGpackage.TestNGInvicationCount -->
