<?xml version="1.0" encoding="UTF-8"?>
<!-- Generated by org.testng.reporters.JUnitReportReporter -->
<testsuite hostname="cl1" name="testNGpackage.Testing" tests="3" failures="0" timestamp="14 Aug 2018 12:52:11 GMT" time="15.046" errors="0">
  <testcase name="browserLaunch" time="7.754" classname="testNGpackage.Testing"/>
  <testcase name="openURL" time="6.715" classname="testNGpackage.Testing"/>
  <testcase name="enterUSernamePassword" time="0.577" classname="testNGpackage.Testing"/>
</testsuite> <!-- testNGpackage.Testing -->
