<?xml version="1.0" encoding="UTF-8"?>
<!-- Generated by org.testng.reporters.JUnitReportReporter -->
<testsuite hostname="cl1" name="testNGpackage.TestNGPriority" tests="5" failures="0" timestamp="14 Aug 2018 12:28:26 GMT" time="0.028" errors="0">
  <testcase name="bcd" time="0.017" classname="testNGpackage.TestNGPriority"/>
  <testcase name="Abc" time="0.002" classname="testNGpackage.TestNGPriority"/>
  <testcase name="ABC" time="0.001" classname="testNGpackage.TestNGPriority"/>
  <testcase name="xyz" time="0.002" classname="testNGpackage.TestNGPriority"/>
  <testcase name="zya" time="0.006" classname="testNGpackage.TestNGPriority"/>
</testsuite> <!-- testNGpackage.TestNGPriority -->
